This is pdfTeX, Version 3.141592653-2.6-1.40.25 (MiKTeX 24.1) (preloaded format=pdflatex 2025.4.24)  5 MAY 2025 22:18
entering extended mode
 restricted \write18 enabled.
 file:line:error style messages enabled.
 %&-line parsing enabled.
**c:/Users/madha/Desktop/AM-Modulator-Demodulator/Report/main.tex
(c:/Users/madha/Desktop/AM-Modulator-Demodulator/Report/main.tex
LaTeX2e <2023-11-01> patch level 1
L3 programming layer <2024-01-04>
(IEEEtran.cls
Document Class: IEEEtran 2015/08/26 V1.8b by Michael Shell
-- See the "IEEEtran_HOWTO" manual for usage information.
-- http://www.michaelshell.org/tex/ieeetran/
\@IEEEtrantmpdimenA=\dimen140
\@IEEEtrantmpdimenB=\dimen141
\@IEEEtrantmpdimenC=\dimen142
\@IEEEtrantmpcountA=\count187
\@IEEEtrantmpcountB=\count188
\@IEEEtrantmpcountC=\count189
\@IEEEtrantmptoksA=\toks17
LaTeX Font Info:    Trying to load font information for OT1+ptm on input line 503.
(C:\Users\madha\AppData\Local\Programs\MiKTeX\tex/latex/psnfss\ot1ptm.fd
File: ot1ptm.fd 2001/06/04 font definitions for OT1/ptm.
)
-- Using 8.5in x 11in (letter) paper.
-- Using PDF output.
\@IEEEnormalsizeunitybaselineskip=\dimen143
-- This is a 10 point document.
\CLASSINFOnormalsizebaselineskip=\dimen144
\CLASSINFOnormalsizeunitybaselineskip=\dimen145
\IEEEnormaljot=\dimen146
LaTeX Font Info:    Font shape `OT1/ptm/bx/n' in size <5> not available
(Font)              Font shape `OT1/ptm/b/n' tried instead on input line 1090.
LaTeX Font Info:    Font shape `OT1/ptm/bx/it' in size <5> not available
(Font)              Font shape `OT1/ptm/b/it' tried instead on input line 1090.
LaTeX Font Info:    Font shape `OT1/ptm/bx/n' in size <7> not available
(Font)              Font shape `OT1/ptm/b/n' tried instead on input line 1090.
LaTeX Font Info:    Font shape `OT1/ptm/bx/it' in size <7> not available
(Font)              Font shape `OT1/ptm/b/it' tried instead on input line 1090.
LaTeX Font Info:    Font shape `OT1/ptm/bx/n' in size <8> not available
(Font)              Font shape `OT1/ptm/b/n' tried instead on input line 1090.
LaTeX Font Info:    Font shape `OT1/ptm/bx/it' in size <8> not available
(Font)              Font shape `OT1/ptm/b/it' tried instead on input line 1090.
LaTeX Font Info:    Font shape `OT1/ptm/bx/n' in size <9> not available
(Font)              Font shape `OT1/ptm/b/n' tried instead on input line 1090.
LaTeX Font Info:    Font shape `OT1/ptm/bx/it' in size <9> not available
(Font)              Font shape `OT1/ptm/b/it' tried instead on input line 1090.
LaTeX Font Info:    Font shape `OT1/ptm/bx/n' in size <10> not available
(Font)              Font shape `OT1/ptm/b/n' tried instead on input line 1090.
LaTeX Font Info:    Font shape `OT1/ptm/bx/it' in size <10> not available
(Font)              Font shape `OT1/ptm/b/it' tried instead on input line 1090.
LaTeX Font Info:    Font shape `OT1/ptm/bx/n' in size <11> not available
(Font)              Font shape `OT1/ptm/b/n' tried instead on input line 1090.
LaTeX Font Info:    Font shape `OT1/ptm/bx/it' in size <11> not available
(Font)              Font shape `OT1/ptm/b/it' tried instead on input line 1090.
LaTeX Font Info:    Font shape `OT1/ptm/bx/n' in size <12> not available
(Font)              Font shape `OT1/ptm/b/n' tried instead on input line 1090.
LaTeX Font Info:    Font shape `OT1/ptm/bx/it' in size <12> not available
(Font)              Font shape `OT1/ptm/b/it' tried instead on input line 1090.
LaTeX Font Info:    Font shape `OT1/ptm/bx/n' in size <17> not available
(Font)              Font shape `OT1/ptm/b/n' tried instead on input line 1090.
LaTeX Font Info:    Font shape `OT1/ptm/bx/it' in size <17> not available
(Font)              Font shape `OT1/ptm/b/it' tried instead on input line 1090.
LaTeX Font Info:    Font shape `OT1/ptm/bx/n' in size <20> not available
(Font)              Font shape `OT1/ptm/b/n' tried instead on input line 1090.
LaTeX Font Info:    Font shape `OT1/ptm/bx/it' in size <20> not available
(Font)              Font shape `OT1/ptm/b/it' tried instead on input line 1090.
LaTeX Font Info:    Font shape `OT1/ptm/bx/n' in size <24> not available
(Font)              Font shape `OT1/ptm/b/n' tried instead on input line 1090.
LaTeX Font Info:    Font shape `OT1/ptm/bx/it' in size <24> not available
(Font)              Font shape `OT1/ptm/b/it' tried instead on input line 1090.
\IEEEquantizedlength=\dimen147
\IEEEquantizedlengthdiff=\dimen148
\IEEEquantizedtextheightdiff=\dimen149
\IEEEilabelindentA=\dimen150
\IEEEilabelindentB=\dimen151
\IEEEilabelindent=\dimen152
\IEEEelabelindent=\dimen153
\IEEEdlabelindent=\dimen154
\IEEElabelindent=\dimen155
\IEEEiednormlabelsep=\dimen156
\IEEEiedmathlabelsep=\dimen157
\IEEEiedtopsep=\skip48
\c@section=\count190
\c@subsection=\count191
\c@subsubsection=\count192
\c@paragraph=\count193
\c@IEEEsubequation=\count194
\abovecaptionskip=\skip49
\belowcaptionskip=\skip50
\c@figure=\count195
\c@table=\count196
\@IEEEeqnnumcols=\count197
\@IEEEeqncolcnt=\count198
\@IEEEsubeqnnumrollback=\count199
\@IEEEquantizeheightA=\dimen158
\@IEEEquantizeheightB=\dimen159
\@IEEEquantizeheightC=\dimen160
\@IEEEquantizeprevdepth=\dimen161
\@IEEEquantizemultiple=\count266
\@IEEEquantizeboxA=\box51
\@IEEEtmpitemindent=\dimen162
\IEEEPARstartletwidth=\dimen163
\c@IEEEbiography=\count267
\@IEEEtranrubishbin=\box52
)
** ATTENTION: Overriding command lockouts (line 2).
(C:\Users\madha\AppData\Local\Programs\MiKTeX\tex/latex/cite\cite.sty
LaTeX Info: Redefining \cite on input line 302.
LaTeX Info: Redefining \nocite on input line 332.
Package: cite 2015/02/27  v 5.5
) (C:\Users\madha\AppData\Local\Programs\MiKTeX\tex/latex/amsmath\amsmath.sty
Package: amsmath 2023/05/13 v2.17o AMS math features
\@mathmargin=\skip51

For additional information on amsmath, use the `?' option.
(C:\Users\madha\AppData\Local\Programs\MiKTeX\tex/latex/amsmath\amstext.sty
Package: amstext 2021/08/26 v2.01 AMS text
 (C:\Users\madha\AppData\Local\Programs\MiKTeX\tex/latex/amsmath\amsgen.sty
File: amsgen.sty 1999/11/30 v2.0 generic functions
\@emptytoks=\toks18
\ex@=\dimen164
)) (C:\Users\madha\AppData\Local\Programs\MiKTeX\tex/latex/amsmath\amsbsy.sty
Package: amsbsy 1999/11/29 v1.2d Bold Symbols
\pmbraise@=\dimen165
) (C:\Users\madha\AppData\Local\Programs\MiKTeX\tex/latex/amsmath\amsopn.sty
Package: amsopn 2022/04/08 v2.04 operator names
)
\inf@bad=\count268
LaTeX Info: Redefining \frac on input line 234.
\uproot@=\count269
\leftroot@=\count270
LaTeX Info: Redefining \overline on input line 399.
LaTeX Info: Redefining \colon on input line 410.
\classnum@=\count271
\DOTSCASE@=\count272
LaTeX Info: Redefining \ldots on input line 496.
LaTeX Info: Redefining \dots on input line 499.
LaTeX Info: Redefining \cdots on input line 620.
\Mathstrutbox@=\box53
\strutbox@=\box54
LaTeX Info: Redefining \big on input line 722.
LaTeX Info: Redefining \Big on input line 723.
LaTeX Info: Redefining \bigg on input line 724.
LaTeX Info: Redefining \Bigg on input line 725.
\big@size=\dimen166
LaTeX Font Info:    Redeclaring font encoding OML on input line 743.
LaTeX Font Info:    Redeclaring font encoding OMS on input line 744.
\macc@depth=\count273
LaTeX Info: Redefining \bmod on input line 905.
LaTeX Info: Redefining \pmod on input line 910.
LaTeX Info: Redefining \smash on input line 940.
LaTeX Info: Redefining \relbar on input line 970.
LaTeX Info: Redefining \Relbar on input line 971.
\c@MaxMatrixCols=\count274
\dotsspace@=\muskip16
\c@parentequation=\count275
\dspbrk@lvl=\count276
\tag@help=\toks19
\row@=\count277
\column@=\count278
\maxfields@=\count279
\andhelp@=\toks20
\eqnshift@=\dimen167
\alignsep@=\dimen168
\tagshift@=\dimen169
\tagwidth@=\dimen170
\totwidth@=\dimen171
\lineht@=\dimen172
\@envbody=\toks21
\multlinegap=\skip52
\multlinetaggap=\skip53
\mathdisplay@stack=\toks22
LaTeX Info: Redefining \[ on input line 2953.
LaTeX Info: Redefining \] on input line 2954.
) (C:\Users\madha\AppData\Local\Programs\MiKTeX\tex/latex/amsfonts\amssymb.sty
Package: amssymb 2013/01/14 v3.01 AMS font symbols
 (C:\Users\madha\AppData\Local\Programs\MiKTeX\tex/latex/amsfonts\amsfonts.sty
Package: amsfonts 2013/01/14 v3.01 Basic AMSFonts support
\symAMSa=\mathgroup4
\symAMSb=\mathgroup5
LaTeX Font Info:    Redeclaring math symbol \hbar on input line 98.
LaTeX Font Info:    Overwriting math alphabet `\mathfrak' in version `bold'
(Font)                  U/euf/m/n --> U/euf/b/n on input line 106.
)) (C:\Users\madha\AppData\Local\Programs\MiKTeX\tex/latex/algorithms\algorithmic.sty
Package: algorithmic 2009/08/24 v0.1 Document Style `algorithmic'
 (C:\Users\madha\AppData\Local\Programs\MiKTeX\tex/latex/base\ifthen.sty
Package: ifthen 2022/04/13 v1.1d Standard LaTeX ifthen package (DPC)
) (C:\Users\madha\AppData\Local\Programs\MiKTeX\tex/latex/graphics\keyval.sty
Package: keyval 2022/05/29 v1.15 key=value parser (DPC)
\KV@toks@=\toks23
)
\c@ALC@unique=\count280
\c@ALC@line=\count281
\c@ALC@rem=\count282
\c@ALC@depth=\count283
\ALC@tlm=\skip54
\algorithmicindent=\skip55
) (C:\Users\madha\AppData\Local\Programs\MiKTeX\tex/latex/graphics\graphicx.sty
Package: graphicx 2021/09/16 v1.2d Enhanced LaTeX Graphics (DPC,SPQR)
 (C:\Users\madha\AppData\Local\Programs\MiKTeX\tex/latex/graphics\graphics.sty
Package: graphics 2022/03/10 v1.4e Standard LaTeX Graphics (DPC,SPQR)
 (C:\Users\madha\AppData\Local\Programs\MiKTeX\tex/latex/graphics\trig.sty
Package: trig 2021/08/11 v1.11 sin cos tan (DPC)
) (C:\Users\madha\AppData\Local\Programs\MiKTeX\tex/latex/graphics-cfg\graphics.cfg
File: graphics.cfg 2016/06/04 v1.11 sample graphics configuration
)
Package graphics Info: Driver file: pdftex.def on input line 107.
 (C:\Users\madha\AppData\Local\Programs\MiKTeX\tex/latex/graphics-def\pdftex.def
File: pdftex.def 2022/09/22 v1.2b Graphics/color driver for pdftex
))
\Gin@req@height=\dimen173
\Gin@req@width=\dimen174
) (C:\Users\madha\AppData\Local\Programs\MiKTeX\tex/latex/base\textcomp.sty
Package: textcomp 2020/02/02 v2.0n Standard LaTeX package
) (C:\Users\madha\AppData\Local\Programs\MiKTeX\tex/latex/xcolor\xcolor.sty
Package: xcolor 2023/11/15 v3.01 LaTeX color extensions (UK)
 (C:\Users\madha\AppData\Local\Programs\MiKTeX\tex/latex/graphics-cfg\color.cfg
File: color.cfg 2016/01/02 v1.6 sample color configuration
)
Package xcolor Info: Driver file: pdftex.def on input line 274.
 (C:\Users\madha\AppData\Local\Programs\MiKTeX\tex/latex/graphics\mathcolor.ltx)
Package xcolor Info: Model `cmy' substituted by `cmy0' on input line 1350.
Package xcolor Info: Model `hsb' substituted by `rgb' on input line 1354.
Package xcolor Info: Model `RGB' extended on input line 1366.
Package xcolor Info: Model `HTML' substituted by `rgb' on input line 1368.
Package xcolor Info: Model `Hsb' substituted by `hsb' on input line 1369.
Package xcolor Info: Model `tHsb' substituted by `hsb' on input line 1370.
Package xcolor Info: Model `HSB' substituted by `hsb' on input line 1371.
Package xcolor Info: Model `Gray' substituted by `gray' on input line 1372.
Package xcolor Info: Model `wave' substituted by `hsb' on input line 1373.
) (C:\Users\madha\AppData\Local\Programs\MiKTeX\tex/latex/hyperref\hyperref.sty
Package: hyperref 2023-11-26 v7.01g Hypertext links for LaTeX
 (C:\Users\madha\AppData\Local\Programs\MiKTeX\tex/generic/iftex\iftex.sty
Package: iftex 2022/02/03 v1.0f TeX engine tests
) (C:\Users\madha\AppData\Local\Programs\MiKTeX\tex/generic/infwarerr\infwarerr.sty
Package: infwarerr 2019/12/03 v1.5 Providing info/warning/error messages (HO)
) (C:\Users\madha\AppData\Local\Programs\MiKTeX\tex/latex/kvsetkeys\kvsetkeys.sty
Package: kvsetkeys 2022-10-05 v1.19 Key value parser (HO)
) (C:\Users\madha\AppData\Local\Programs\MiKTeX\tex/generic/kvdefinekeys\kvdefinekeys.sty
Package: kvdefinekeys 2019-12-19 v1.6 Define keys (HO)
) (C:\Users\madha\AppData\Local\Programs\MiKTeX\tex/generic/pdfescape\pdfescape.sty
Package: pdfescape 2019/12/09 v1.15 Implements pdfTeX's escape features (HO)
 (C:\Users\madha\AppData\Local\Programs\MiKTeX\tex/generic/ltxcmds\ltxcmds.sty
Package: ltxcmds 2023-12-04 v1.26 LaTeX kernel commands for general use (HO)
) (C:\Users\madha\AppData\Local\Programs\MiKTeX\tex/generic/pdftexcmds\pdftexcmds.sty
Package: pdftexcmds 2020-06-27 v0.33 Utility functions of pdfTeX for LuaTeX (HO)
Package pdftexcmds Info: \pdf@primitive is available.
Package pdftexcmds Info: \pdf@ifprimitive is available.
Package pdftexcmds Info: \pdfdraftmode found.
)) (C:\Users\madha\AppData\Local\Programs\MiKTeX\tex/latex/hycolor\hycolor.sty
Package: hycolor 2020-01-27 v1.10 Color options for hyperref/bookmark (HO)
) (C:\Users\madha\AppData\Local\Programs\MiKTeX\tex/latex/letltxmacro\letltxmacro.sty
Package: letltxmacro 2019/12/03 v1.6 Let assignment for LaTeX macros (HO)
) (C:\Users\madha\AppData\Local\Programs\MiKTeX\tex/latex/auxhook\auxhook.sty
Package: auxhook 2019-12-17 v1.6 Hooks for auxiliary files (HO)
) (C:\Users\madha\AppData\Local\Programs\MiKTeX\tex/latex/hyperref\nameref.sty
Package: nameref 2023-11-26 v2.56 Cross-referencing by name of section
 (C:\Users\madha\AppData\Local\Programs\MiKTeX\tex/latex/refcount\refcount.sty
Package: refcount 2019/12/15 v3.6 Data extraction from label references (HO)
) (C:\Users\madha\AppData\Local\Programs\MiKTeX\tex/generic/gettitlestring\gettitlestring.sty
Package: gettitlestring 2019/12/15 v1.6 Cleanup title references (HO)
 (C:\Users\madha\AppData\Local\Programs\MiKTeX\tex/latex/kvoptions\kvoptions.sty
Package: kvoptions 2022-06-15 v3.15 Key value format for package options (HO)
))
\c@section@level=\count284
) (C:\Users\madha\AppData\Local\Programs\MiKTeX\tex/latex/etoolbox\etoolbox.sty
Package: etoolbox 2020/10/05 v2.5k e-TeX tools for LaTeX (JAW)
\etb@tempcnta=\count285
)
\@linkdim=\dimen175
\Hy@linkcounter=\count286
\Hy@pagecounter=\count287
 (C:\Users\madha\AppData\Local\Programs\MiKTeX\tex/latex/hyperref\pd1enc.def
File: pd1enc.def 2023-11-26 v7.01g Hyperref: PDFDocEncoding definition (HO)
Now handling font encoding PD1 ...
... no UTF-8 mapping file for font encoding PD1
) (C:\Users\madha\AppData\Local\Programs\MiKTeX\tex/generic/intcalc\intcalc.sty
Package: intcalc 2019/12/15 v1.3 Expandable calculations with integers (HO)
)
\Hy@SavedSpaceFactor=\count288
 (C:\Users\madha\AppData\Local\Programs\MiKTeX\tex/latex/hyperref\puenc.def
File: puenc.def 2023-11-26 v7.01g Hyperref: PDF Unicode definition (HO)
Now handling font encoding PU ...
... no UTF-8 mapping file for font encoding PU
)
Package hyperref Info: Hyper figures OFF on input line 4181.
Package hyperref Info: Link nesting OFF on input line 4186.
Package hyperref Info: Hyper index ON on input line 4189.
Package hyperref Info: Plain pages OFF on input line 4196.
Package hyperref Info: Backreferencing OFF on input line 4201.
Package hyperref Info: Implicit mode ON; LaTeX internals redefined.
Package hyperref Info: Bookmarks ON on input line 4448.
\c@Hy@tempcnt=\count289
 (C:\Users\madha\AppData\Local\Programs\MiKTeX\tex/latex/url\url.sty
\Urlmuskip=\muskip17
Package: url 2013/09/16  ver 3.4  Verb mode for urls, etc.
)
LaTeX Info: Redefining \url on input line 4786.
\XeTeXLinkMargin=\dimen176
 (C:\Users\madha\AppData\Local\Programs\MiKTeX\tex/generic/bitset\bitset.sty
Package: bitset 2019/12/09 v1.3 Handle bit-vector datatype (HO)
 (C:\Users\madha\AppData\Local\Programs\MiKTeX\tex/generic/bigintcalc\bigintcalc.sty
Package: bigintcalc 2019/12/15 v1.5 Expandable calculations on big integers (HO)
))
\Fld@menulength=\count290
\Field@Width=\dimen177
\Fld@charsize=\dimen178
Package hyperref Info: Hyper figures OFF on input line 6065.
Package hyperref Info: Link nesting OFF on input line 6070.
Package hyperref Info: Hyper index ON on input line 6073.
Package hyperref Info: backreferencing OFF on input line 6080.
Package hyperref Info: Link coloring OFF on input line 6085.
Package hyperref Info: Link coloring with OCG OFF on input line 6090.
Package hyperref Info: PDF/A mode OFF on input line 6095.
 (C:\Users\madha\AppData\Local\Programs\MiKTeX\tex/latex/base\atbegshi-ltx.sty
Package: atbegshi-ltx 2021/01/10 v1.0c Emulation of the original atbegshi
package with kernel methods
)
\Hy@abspage=\count291
\c@Item=\count292
\c@Hfootnote=\count293
)
Package hyperref Info: Driver (autodetected): hpdftex.
 (C:\Users\madha\AppData\Local\Programs\MiKTeX\tex/latex/hyperref\hpdftex.def
File: hpdftex.def 2023-11-26 v7.01g Hyperref driver for pdfTeX
 (C:\Users\madha\AppData\Local\Programs\MiKTeX\tex/latex/base\atveryend-ltx.sty
Package: atveryend-ltx 2020/08/19 v1.0a Emulation of the original atveryend package
with kernel methods
)
\Fld@listcount=\count294
\c@bookmark@seq@number=\count295
 (C:\Users\madha\AppData\Local\Programs\MiKTeX\tex/latex/rerunfilecheck\rerunfilecheck.sty
Package: rerunfilecheck 2022-07-10 v1.10 Rerun checks for auxiliary files (HO)
 (C:\Users\madha\AppData\Local\Programs\MiKTeX\tex/generic/uniquecounter\uniquecounter.sty
Package: uniquecounter 2019/12/15 v1.4 Provide unlimited unique counter (HO)
)
Package uniquecounter Info: New unique counter `rerunfilecheck' on input line 285.
)
\Hy@SectionHShift=\skip56
) (C:\Users\madha\AppData\Local\Programs\MiKTeX\tex/latex/l3backend\l3backend-pdftex.def
File: l3backend-pdftex.def 2024-01-04 L3 backend support: PDF output (pdfTeX)
\l__color_backend_stack_int=\count296
\l__pdf_internal_box=\box55
) (main.aux)
\openout1 = `main.aux'.

LaTeX Font Info:    Checking defaults for OML/cmm/m/it on input line 13.
LaTeX Font Info:    ... okay on input line 13.
LaTeX Font Info:    Checking defaults for OMS/cmsy/m/n on input line 13.
LaTeX Font Info:    ... okay on input line 13.
LaTeX Font Info:    Checking defaults for OT1/cmr/m/n on input line 13.
LaTeX Font Info:    ... okay on input line 13.
LaTeX Font Info:    Checking defaults for T1/cmr/m/n on input line 13.
LaTeX Font Info:    ... okay on input line 13.
LaTeX Font Info:    Checking defaults for TS1/cmr/m/n on input line 13.
LaTeX Font Info:    ... okay on input line 13.
LaTeX Font Info:    Checking defaults for OMX/cmex/m/n on input line 13.
LaTeX Font Info:    ... okay on input line 13.
LaTeX Font Info:    Checking defaults for U/cmr/m/n on input line 13.
LaTeX Font Info:    ... okay on input line 13.
LaTeX Font Info:    Checking defaults for PD1/pdf/m/n on input line 13.
LaTeX Font Info:    ... okay on input line 13.
LaTeX Font Info:    Checking defaults for PU/pdf/m/n on input line 13.
LaTeX Font Info:    ... okay on input line 13.

-- Lines per column: 56 (exact).
(C:\Users\madha\AppData\Local\Programs\MiKTeX\tex/context/base/mkii\supp-pdf.mkii
[Loading MPS to PDF converter (version 2006.09.02).]
\scratchcounter=\count297
\scratchdimen=\dimen179
\scratchbox=\box56
\nofMPsegments=\count298
\nofMParguments=\count299
\everyMPshowfont=\toks24
\MPscratchCnt=\count300
\MPscratchDim=\dimen180
\MPnumerator=\count301
\makeMPintoPDFobject=\count302
\everyMPtoPDFconversion=\toks25
) (C:\Users\madha\AppData\Local\Programs\MiKTeX\tex/latex/epstopdf-pkg\epstopdf-base.sty
Package: epstopdf-base 2020-01-24 v2.11 Base part for package epstopdf
Package epstopdf-base Info: Redefining graphics rule for `.eps' on input line 485.
 (C:\Users\madha\AppData\Local\Programs\MiKTeX\tex/latex/00miktex\epstopdf-sys.cfg
File: epstopdf-sys.cfg 2021/03/18 v2.0 Configuration of epstopdf for MiKTeX
))
Package hyperref Info: Link coloring OFF on input line 13.
 (main.out) (main.out)
\@outlinefile=\write3
\openout3 = `main.out'.

LaTeX Font Info:    Trying to load font information for U+msa on input line 47.
 (C:\Users\madha\AppData\Local\Programs\MiKTeX\tex/latex/amsfonts\umsa.fd
File: umsa.fd 2013/01/14 v3.01 AMS symbols A
)
LaTeX Font Info:    Trying to load font information for U+msb on input line 47.
 (C:\Users\madha\AppData\Local\Programs\MiKTeX\tex/latex/amsfonts\umsb.fd
File: umsb.fd 2013/01/14 v3.01 AMS symbols B
) [1{C:/Users/madha/AppData/Local/MiKTeX/fonts/map/pdftex/pdftex.map}{C:/Users/madha/AppData/Local/Programs/MiKTeX/fonts/enc/dvips/base/8r.enc}


]
<Conventional_AM_spectrum.png, id=92, 1198.4775pt x 653.44125pt>
File: Conventional_AM_spectrum.png Graphic file (type png)
<use Conventional_AM_spectrum.png>
Package pdftex.def Info: Conventional_AM_spectrum.png  used on input line 108.
(pdftex.def)             Requested size: 252.0pt x 137.39621pt.
<DSB_SC_Passband_Spectrum.png, id=94, 1188.69093pt x 634.62094pt>
File: DSB_SC_Passband_Spectrum.png Graphic file (type png)
<use DSB_SC_Passband_Spectrum.png>
Package pdftex.def Info: DSB_SC_Passband_Spectrum.png  used on input line 126.
(pdftex.def)             Requested size: 252.0pt x 134.53319pt.
<Coherent_demodulation_AM.png, id=95, 1276.77pt x 300.3722pt>
File: Coherent_demodulation_AM.png Graphic file (type png)
<use Coherent_demodulation_AM.png>
Package pdftex.def Info: Coherent_demodulation_AM.png  used on input line 134.
(pdftex.def)             Requested size: 252.0pt x 59.28503pt.
 [2 <./Conventional_AM_spectrum.png> <./DSB_SC_Passband_Spectrum.png> <./Coherent_demodulation_AM.png>]
<Images/Wein_bridge_osc_without_amp_stabilization.png, id=107, 681.29532pt x 316.18124pt>
File: Images/Wein_bridge_osc_without_amp_stabilization.png Graphic file (type png)
<use Images/Wein_bridge_osc_without_amp_stabilization.png>
Package pdftex.def Info: Images/Wein_bridge_osc_without_amp_stabilization.png  used on input line 171.
(pdftex.def)             Requested size: 252.0pt x 116.95145pt.
<Images/wein_bridge_osc_with_amp_stabilization.png, id=108, 792.71156pt x 611.28375pt>
File: Images/wein_bridge_osc_with_amp_stabilization.png Graphic file (type png)
<use Images/wein_bridge_osc_with_amp_stabilization.png>
Package pdftex.def Info: Images/wein_bridge_osc_with_amp_stabilization.png  used on input line 204.
(pdftex.def)             Requested size: 252.0pt x 194.31828pt.
<Images/Switching_Modulator_Working.png, id=109, 638.385pt x 462.72874pt>
File: Images/Switching_Modulator_Working.png Graphic file (type png)
<use Images/Switching_Modulator_Working.png>
Package pdftex.def Info: Images/Switching_Modulator_Working.png  used on input line 214.
(pdftex.def)             Requested size: 214.20154pt x 155.26398pt.
<Images/FET_mixer.png, id=110, 868.24374pt x 394.47375pt>
File: Images/FET_mixer.png Graphic file (type png)
<use Images/FET_mixer.png>
Package pdftex.def Info: Images/FET_mixer.png  used on input line 223.
(pdftex.def)             Requested size: 252.0pt x 114.49075pt.
 [3 <./Images/Wein_bridge_osc_without_amp_stabilization.png> <./Images/wein_bridge_osc_with_amp_stabilization.png> <./Images/Switching_Modulator_Working.png (PNG copy)>]
<Images/Mixer_Bias_Calculation.png, id=127, 1606.0pt x 1208.515pt>
File: Images/Mixer_Bias_Calculation.png Graphic file (type png)
<use Images/Mixer_Bias_Calculation.png>
Package pdftex.def Info: Images/Mixer_Bias_Calculation.png  used on input line 236.
(pdftex.def)             Requested size: 214.20154pt x 161.18779pt.
<mixer.png, id=128, 1284.8pt x 918.43124pt>
File: mixer.png Graphic file (type png)
<use mixer.png>
Package pdftex.def Info: mixer.png  used on input line 254.
(pdftex.def)             Requested size: 126.0pt x 90.06871pt.
<Images/Active_LPF.png, id=129, 1927.2pt x 1334.9875pt>
File: Images/Active_LPF.png Graphic file (type png)
<use Images/Active_LPF.png>
Package pdftex.def Info: Images/Active_LPF.png  used on input line 263.
(pdftex.def)             Requested size: 189.0pt x 130.91954pt.
 [4 <./Images/FET_mixer.png (PNG copy)> <./Images/Mixer_Bias_Calculation.png (PNG copy)> <./mixer.png> <./Images/Active_LPF.png>]
<Images/Full_circuit_ltspice.png, id=140, 1265.47781pt x 647.41875pt>
File: Images/Full_circuit_ltspice.png Graphic file (type png)
<use Images/Full_circuit_ltspice.png>
Package pdftex.def Info: Images/Full_circuit_ltspice.png  used on input line 276.
(pdftex.def)             Requested size: 252.0pt x 128.91835pt.
<Images/final_out_ltspice.png, id=141, 1438.6247pt x 713.66624pt>
File: Images/final_out_ltspice.png Graphic file (type png)
<use Images/final_out_ltspice.png>
Package pdftex.def Info: Images/final_out_ltspice.png  used on input line 283.
(pdftex.def)             Requested size: 252.0pt x 125.00235pt.
<Images/Wein_bridge_oscillator_ltspice.png, id=142, 523.9575pt x 598.48593pt>
File: Images/Wein_bridge_oscillator_ltspice.png Graphic file (type png)
<use Images/Wein_bridge_oscillator_ltspice.png>
Package pdftex.def Info: Images/Wein_bridge_oscillator_ltspice.png  used on input line 292.
(pdftex.def)             Requested size: 252.0pt x 287.8453pt.
<Images/Osc_simulation.png, id=143, 1442.38875pt x 715.92468pt>
File: Images/Osc_simulation.png Graphic file (type png)
<use Images/Osc_simulation.png>
Package pdftex.def Info: Images/Osc_simulation.png  used on input line 299.
(pdftex.def)             Requested size: 252.0pt x 125.0702pt.
<Images/fft_sine_osc.png, id=144, 1441.63594pt x 812.28468pt>
File: Images/fft_sine_osc.png Graphic file (type png)
<use Images/fft_sine_osc.png>
Package pdftex.def Info: Images/fft_sine_osc.png  used on input line 307.
(pdftex.def)             Requested size: 252.0pt x 141.97842pt.
<Images/Modulator_ltspice.png, id=145, 599.99156pt x 532.99126pt>
File: Images/Modulator_ltspice.png Graphic file (type png)
<use Images/Modulator_ltspice.png>
Package pdftex.def Info: Images/Modulator_ltspice.png  used on input line 318.
(pdftex.def)             Requested size: 252.0pt x 223.8548pt.
<Images/modulated_output_ltspice.png, id=146, 1437.11906pt x 719.68875pt>
File: Images/modulated_output_ltspice.png Graphic file (type png)
<use Images/modulated_output_ltspice.png>
Package pdftex.def Info: Images/modulated_output_ltspice.png  used on input line 324.
(pdftex.def)             Requested size: 252.0pt x 126.18901pt.
<Images/Demodulator_ltspice.png, id=147, 610.53094pt x 365.86688pt>
File: Images/Demodulator_ltspice.png Graphic file (type png)
<use Images/Demodulator_ltspice.png>
Package pdftex.def Info: Images/Demodulator_ltspice.png  used on input line 332.
(pdftex.def)             Requested size: 252.0pt x 151.01685pt.
<Images/demodulated_output_ltspice.png, id=148, 1444.64719pt x 712.91344pt>
File: Images/demodulated_output_ltspice.png Graphic file (type png)
<use Images/demodulated_output_ltspice.png>
Package pdftex.def Info: Images/demodulated_output_ltspice.png  used on input line 339.
(pdftex.def)             Requested size: 252.0pt x 124.34834pt.
 [5 <./Images/Full_circuit_ltspice.png> <./Images/final_out_ltspice.png> <./Images/Wein_bridge_oscillator_ltspice.png> <./Images/Osc_simulation.png> <./Images/fft_sine_osc.png>]
<Images/Full_circuit_hardware.png, id=164, 1504.62125pt x 1029.8475pt>
File: Images/Full_circuit_hardware.png Graphic file (type png)
<use Images/Full_circuit_hardware.png>
Package pdftex.def Info: Images/Full_circuit_hardware.png  used on input line 351.
(pdftex.def)             Requested size: 252.0pt x 172.47891pt.
<Images/final_out_circuit.png, id=165, 803.0pt x 504.88625pt>
File: Images/final_out_circuit.png Graphic file (type png)
<use Images/final_out_circuit.png>
Package pdftex.def Info: Images/final_out_circuit.png  used on input line 359.
(pdftex.def)             Requested size: 252.0pt x 158.4468pt.
<Images/osc_circuit_out.png, id=166, 803.0pt x 504.88625pt>
File: Images/osc_circuit_out.png Graphic file (type png)
<use Images/osc_circuit_out.png>
Package pdftex.def Info: Images/osc_circuit_out.png  used on input line 366.
(pdftex.def)             Requested size: 252.0pt x 158.4468pt.
<Images/modulated_out_circuit.png, id=167, 803.0pt x 504.88625pt>
File: Images/modulated_out_circuit.png Graphic file (type png)
<use Images/modulated_out_circuit.png>
Package pdftex.def Info: Images/modulated_out_circuit.png  used on input line 374.
(pdftex.def)             Requested size: 252.0pt x 158.4468pt.
<Images/modulated_demodulated.png, id=168, 803.0pt x 504.88625pt>
File: Images/modulated_demodulated.png Graphic file (type png)
<use Images/modulated_demodulated.png>
Package pdftex.def Info: Images/modulated_demodulated.png  used on input line 381.
(pdftex.def)             Requested size: 252.0pt x 158.4468pt.
<Images/filter_response.png, id=169, 803.0pt x 504.88625pt>
File: Images/filter_response.png Graphic file (type png)
<use Images/filter_response.png>
Package pdftex.def Info: Images/filter_response.png  used on input line 388.
(pdftex.def)             Requested size: 252.0pt x 158.4468pt.
<Images/modulated_output_fft.png, id=170, 803.0pt x 504.88625pt>
File: Images/modulated_output_fft.png Graphic file (type png)
<use Images/modulated_output_fft.png>
Package pdftex.def Info: Images/modulated_output_fft.png  used on input line 395.
(pdftex.def)             Requested size: 252.0pt x 158.4468pt.
<Images/demodulated_output_fft.png, id=171, 803.0pt x 504.88625pt>
File: Images/demodulated_output_fft.png Graphic file (type png)
<use Images/demodulated_output_fft.png>
Package pdftex.def Info: Images/demodulated_output_fft.png  used on input line 402.
(pdftex.def)             Requested size: 252.0pt x 158.4468pt.
<Images/recovered_message_fft.png, id=172, 803.0pt x 504.88625pt>
File: Images/recovered_message_fft.png Graphic file (type png)
<use Images/recovered_message_fft.png>
Package pdftex.def Info: Images/recovered_message_fft.png  used on input line 409.
(pdftex.def)             Requested size: 252.0pt x 158.4468pt.
 [6 <./Images/Modulator_ltspice.png> <./Images/modulated_output_ltspice.png> <./Images/Demodulator_ltspice.png> <./Images/demodulated_output_ltspice.png> <./Images/Full_circuit_hardware.png (PNG copy)>] [7 <./Images/final_out_circuit.png (PNG copy)> <./Images/osc_circuit_out.png (PNG copy)> <./Images/modulated_out_circuit.png (PNG copy)> <./Images/modulated_demodulated.png (PNG copy)> <./Images/filter_response.png (PNG copy)> <./Images/modulated_output_fft.png (PNG copy)>]

** Conference Paper **
Before submitting the final camera ready copy, remember to:

 1. Manually equalize the lengths of two columns on the last page
 of your paper;

 2. Ensure that any PostScript and/or PDF output post-processing
 uses only Type 1 fonts and that every step in the generation
 process uses the appropriate paper size.

[8

 <./Images/demodulated_output_fft.png (PNG copy)> <./Images/recovered_message_fft.png (PNG copy)>] (main.aux)
 ***********
LaTeX2e <2023-11-01> patch level 1
L3 programming layer <2024-01-04>
 ***********
Package rerunfilecheck Info: File `main.out' has not changed.
(rerunfilecheck)             Checksum: 7049EBA4C08B91380B7C2A79C2B58855;2518.
 ) 
Here is how much of TeX's memory you used:
 11459 strings out of 474486
 184071 string characters out of 5743755
 1949542 words of memory out of 5000000
 33534 multiletter control sequences out of 15000+600000
 594088 words of font info for 97 fonts, out of 8000000 for 9000
 1141 hyphenation exceptions out of 8191
 75i,11n,79p,818b,456s stack positions out of 10000i,1000n,20000p,200000b,200000s
<C:/Users/madha/AppData/Local/Programs/MiKTeX/fonts/type1/public/amsfonts/cm/cmex10.pfb><C:/Users/madha/AppData/Local/Programs/MiKTeX/fonts/type1/public/amsfonts/cm/cmmi10.pfb><C:/Users/madha/AppData/Local/Programs/MiKTeX/fonts/type1/public/amsfonts/cm/cmmi7.pfb><C:/Users/madha/AppData/Local/Programs/MiKTeX/fonts/type1/public/amsfonts/cm/cmr10.pfb><C:/Users/madha/AppData/Local/Programs/MiKTeX/fonts/type1/public/amsfonts/cm/cmr5.pfb><C:/Users/madha/AppData/Local/Programs/MiKTeX/fonts/type1/public/amsfonts/cm/cmr7.pfb><C:/Users/madha/AppData/Local/Programs/MiKTeX/fonts/type1/public/amsfonts/cm/cmsy10.pfb><C:/Users/madha/AppData/Local/Programs/MiKTeX/fonts/type1/public/amsfonts/cm/cmsy7.pfb><C:/Users/madha/AppData/Local/Programs/MiKTeX/fonts/type1/public/amsfonts/symbols/msam10.pfb><C:/Users/madha/AppData/Local/Programs/MiKTeX/fonts/type1/urw/times/utmb8a.pfb><C:/Users/madha/AppData/Local/Programs/MiKTeX/fonts/type1/urw/times/utmbi8a.pfb><C:/Users/madha/AppData/Local/Programs/MiKTeX/fonts/type1/urw/times/utmr8a.pfb><C:/Users/madha/AppData/Local/Programs/MiKTeX/fonts/type1/urw/times/utmri8a.pfb>
Output written on main.pdf (8 pages, 4912950 bytes).
PDF statistics:
 299 PDF objects out of 1000 (max. 8388607)
 74 named destinations out of 1000 (max. 500000)
 285 words of extra memory for PDF output out of 10000 (max. 10000000)

